<?xml version="1.0" encoding="UTF-8"?>
<testng-results ignored="0" total="1" passed="1" failed="0" skipped="0">
  <reporter-output>
  </reporter-output>
  <suite started-at="2019-03-05T14:34:08Z" name="Default suite" finished-at="2019-03-05T14:34:11Z" duration-ms="2651">
    <groups>
    </groups>
    <test started-at="2019-03-05T14:34:08Z" name="Default test" finished-at="2019-03-05T14:34:11Z" duration-ms="2651">
      <class name="PostMethod.TestPost">
        <test-method signature="RegistrationSuccessful()[pri:0, instance:PostMethod.TestPost@1b1426f4]" started-at="2019-03-05T14:34:08Z" name="RegistrationSuccessful" finished-at="2019-03-05T14:34:11Z" duration-ms="2605" status="PASS">
          <reporter-output>
          </reporter-output>
        </test-method> <!-- RegistrationSuccessful -->
      </class> <!-- PostMethod.TestPost -->
    </test> <!-- Default test -->
  </suite> <!-- Default suite -->
</testng-results>
